<?xml version="1.0" encoding="UTF-8"?>
<!-- Generated by org.testng.reporters.JUnitReportReporter -->
<testsuite hostname="DESKTOP-V0PE4ET" failures="0" tests="1" name="Demo" time="0.071" errors="0" timestamp="2023-02-09T13:21:38 IST" skipped="0">
  <testcase classname="Demo" name="calling" time="0.071"/>
  <system-out/>
</testsuite> <!-- Demo -->
