<?xml version="1.0" encoding="UTF-8"?>
<!-- Generated by org.testng.reporters.JUnitReportReporter -->
<testsuite hostname="DESKTOP-V0PE4ET" failures="0" tests="2" name="com.TN.Utils.Demo" time="26.740" errors="0" timestamp="2023-02-13T15:13:01 IST" skipped="0">
  <testcase classname="com.TN.Utils.Demo" name="one" time="25.499"/>
  <system-out/>
  <testcase classname="com.TN.Utils.Demo" name="two" time="1.241"/>
  <system-out/>
</testsuite> <!-- com.TN.Utils.Demo -->
