<?xml version="1.0" encoding="UTF-8"?>
<!-- Generated by org.testng.reporters.JUnitReportReporter -->
<testsuite hostname="DESKTOP-V0PE4ET" failures="0" tests="1" name="com.TutorialsNinja.TestPage.RegisterTest" time="31.633" errors="0" timestamp="2023-02-07T19:49:05 IST" skipped="0">
  <testcase classname="com.TutorialsNinja.TestPage.RegisterTest" name="verifyRegisteringAnAccountWithAllFields" time="31.633"/>
  <system-out/>
</testsuite> <!-- com.TutorialsNinja.TestPage.RegisterTest -->
