<?xml version="1.0" encoding="UTF-8"?>
<!-- Generated by org.testng.reporters.JUnitReportReporter -->
<testsuite hostname="DESKTOP-V0PE4ET" failures="0" tests="1" name="com.TN.Bases.RegisterTest" time="32.257" errors="0" timestamp="2023-02-08T14:02:32 IST" skipped="0">
  <testcase classname="com.TN.Bases.RegisterTest" name="verifyRegisteringAnAccountWithAllFields" time="32.257"/>
  <system-out/>
</testsuite> <!-- com.TN.Bases.RegisterTest -->
