<?xml version="1.0" encoding="UTF-8"?>
<!-- Generated by org.testng.reporters.JUnitReportReporter -->
<testsuite hostname="DESKTOP-V0PE4ET" failures="0" tests="1" name="com.TN.Utils.UtilFile" time="22.924" errors="0" timestamp="2023-02-10T12:21:29 IST" skipped="0">
  <testcase classname="com.TN.Utils.UtilFile" name="demo" time="22.924"/>
  <system-out/>
</testsuite> <!-- com.TN.Utils.UtilFile -->
